#
# A fatal error has been detected by the Java Runtime Environment:
#
#  SIGSEGV (0xb) at pc=0x00007fc62e4e7c30, pid=2233, tid=140489945925376
#
# JRE version: 7.0_05-b21
# Java VM: OpenJDK 64-Bit Server VM (23.0-b21 mixed mode linux-amd64 compressed oops)
# Problematic frame:
# C  [librubberband.so.2.1.0+0xec30]  rubberband_get_pitch_scale+0x0
#
# Failed to write core dump. Core dumps have been disabled. To enable core dumping, try "ulimit -c unlimited" before starting Java again
#
# If you would like to submit a bug report, please include
# instructions on how to reproduce the bug and visit:
#   http://icedtea.classpath.org/bugzilla
# The crash happened outside the Java Virtual Machine in native code.
# See problematic frame for where to report the bug.
#

---------------  T H R E A D  ---------------

Current thread (0x00007fc678296800):  JavaThread "pool-1-thread-2" [_thread_in_native, id=2249, stack(0x00007fc65d424000,0x00007fc65d525000)]

siginfo:si_signo=SIGSEGV: si_errno=0, si_code=1 (SEGV_MAPERR), si_addr=0x0000000000000000

Registers:
RAX=0x00007fc62e71c508, RBX=0x00007fc62e4e7c30, RCX=0x0000000000000000, RDX=0x0000000000000000
RSP=0x00007fc65d523668, RBP=0x00007fc65d523678, RSI=0x0000000000000000, RDI=0x0000000000000000
R8 =0x0000000000000000, R9 =0x0000000000000000, R10=0x00007fc65d523430, R11=0x00007fc62e71ced0
R12=0x0000000000000000, R13=0x00007fc6782969d8, R14=0x00007fc65d523810, R15=0x00007fc678296800
RIP=0x00007fc62e4e7c30, EFLAGS=0x0000000000010202, CSGSFS=0x0000000000000033, ERR=0x0000000000000004
  TRAPNO=0x000000000000000e

Top of Stack: (sp=0x00007fc65d523668)
0x00007fc65d523668:   00007fc62e71cf31 0000000000000000
0x00007fc65d523678:   00007fc634052d90 00007fc65d523708
0x00007fc65d523688:   00007fc62e71a833 00007fc634052d90
0x00007fc65d523698:   000000077910a728 00007fc65d523790
0x00007fc65d5236a8:   0000000000000000 000000077910a728
0x00007fc65d5236b8:   00007fc62e71bdd6 00007fc6340619e0
0x00007fc65d5236c8:   00007fc65d523710 00007fc65d523708
0x00007fc65d5236d8:   0000000000000000 00007fc65d523858
0x00007fc65d5236e8:   00007fc634052d90 0000000000000000
0x00007fc65d5236f8:   00007fc62e71d586 0000000000000000
0x00007fc65d523708:   0000000000000000 00007fc65d5237a0
0x00007fc65d523718:   0000000000000003 00007fc6782969d8
0x00007fc65d523728:   00007fc65d523800 0000000000000000
0x00007fc65d523738:   0000000000000000 0000000000000006
0x00007fc65d523748:   0000000000000000 3e8149d233068d49
0x00007fc65d523758:   dab848d0450f4800 0000000000000000
0x00007fc65d523768:   0000000000000000 4f646e6142726562
0x00007fc65d523778:   76616a4c5b281800 54293b7463656a62
0x00007fc65d523788:   06656c6946656372 00007fc65d5237f0
0x00007fc65d523798:   00007fc675011f90 00007fc675005410
0x00007fc65d5237a8:   000000b900000000 00007fc65d5237b0
0x00007fc65d5237b8:   000000077910a728 00007fc65d523810
0x00007fc65d5237c8:   000000077910baf0 0000000000000000
0x00007fc65d5237d8:   000000077910a728 0000000000000000
0x00007fc65d5237e8:   00007fc65d523810 00007fc65d523858
0x00007fc65d5237f8:   00007fc6750061b7 00000007d6ba3fe0
0x00007fc65d523808:   00007fc67500edda 0000000000000000
0x00007fc65d523818:   00007fc65d523818 0000000779084e44
0x00007fc65d523828:   00007fc65d523868 00000007790875c0
0x00007fc65d523838:   0000000000000000 0000000779084e60
0x00007fc65d523848:   00007fc65d523810 00007fc65d523868
0x00007fc65d523858:   00007fc65d5238b0 00007fc675006865 

Instructions: (pc=0x00007fc62e4e7c30)
0x00007fc62e4e7c10:   48 8b 3f e9 98 06 00 00 0f 1f 84 00 00 00 00 00
0x00007fc62e4e7c20:   48 8b 3f e9 98 06 00 00 0f 1f 84 00 00 00 00 00
0x00007fc62e4e7c30:   48 8b 3f e9 98 06 00 00 0f 1f 84 00 00 00 00 00
0x00007fc62e4e7c40:   48 83 ec 08 48 8b 3f e8 94 06 00 00 48 83 c4 08 

Register to memory mapping:

RAX=0x00007fc62e71c508: <offset 0x12508> in /tmp/bridj.so3938889956522086837.so at 0x00007fc62e70a000
RBX=0x00007fc62e4e7c30: rubberband_get_pitch_scale+0 in /usr/lib/librubberband.so.2.1.0 at 0x00007fc62e4d9000
RCX=0x0000000000000000 is an unknown value
RDX=0x0000000000000000 is an unknown value
RSP=0x00007fc65d523668 is pointing into the stack for thread: 0x00007fc678296800
RBP=0x00007fc65d523678 is pointing into the stack for thread: 0x00007fc678296800
RSI=0x0000000000000000 is an unknown value
RDI=0x0000000000000000 is an unknown value
R8 =0x0000000000000000 is an unknown value
R9 =0x0000000000000000 is an unknown value
R10=0x00007fc65d523430 is pointing into the stack for thread: 0x00007fc678296800
R11=0x00007fc62e71ced0: dcCall_x64_sysv+0 in /tmp/bridj.so3938889956522086837.so at 0x00007fc62e70a000
R12=0x0000000000000000 is an unknown value
R13=0x00007fc6782969d8 is an unknown value
R14=0x00007fc65d523810 is pointing into the stack for thread: 0x00007fc678296800
R15=0x00007fc678296800 is a thread


Stack: [0x00007fc65d424000,0x00007fc65d525000],  sp=0x00007fc65d523668,  free space=1021k
Native frames: (J=compiled Java code, j=interpreted, Vv=VM code, C=native code)
C  [librubberband.so.2.1.0+0xec30]  rubberband_get_pitch_scale+0x0

Java frames: (J=compiled Java code, j=interpreted, Vv=VM code)
j  org.black.jtranscribe.generated.rubberband.RubberbandLibrary.rubberband_get_pitch_scale(Lorg/black/jtranscribe/generated/rubberband/RubberbandLibrary$RubberBandState;)D+0
j  org.black.jtranscribe.dsp.fx.rubberband.FX.getPitch()D+4
j  TestFX$2.run()V+18
j  java.util.concurrent.Executors$RunnableAdapter.call()Ljava/lang/Object;+4
j  java.util.concurrent.FutureTask$Sync.innerRun()V+29
j  java.util.concurrent.FutureTask.run()V+4
j  java.util.concurrent.ThreadPoolExecutor.runWorker(Ljava/util/concurrent/ThreadPoolExecutor$Worker;)V+46
j  java.util.concurrent.ThreadPoolExecutor$Worker.run()V+5
j  java.lang.Thread.run()V+11
v  ~StubRoutines::call_stub

---------------  P R O C E S S  ---------------

Java Threads: ( => current thread )
  0x00007fc630023800 JavaThread "Java Sound Event Dispatcher" daemon [_thread_blocked, id=2253, stack(0x00007fc62e924000,0x00007fc62ea25000)]
=>0x00007fc678296800 JavaThread "pool-1-thread-2" [_thread_in_native, id=2249, stack(0x00007fc65d424000,0x00007fc65d525000)]
  0x00007fc678294800 JavaThread "pool-1-thread-1" [_thread_blocked, id=2248, stack(0x00007fc65d525000,0x00007fc65d626000)]
  0x00007fc678150000 JavaThread "Monitor Ctrl-Break" daemon [_thread_in_native, id=2247, stack(0x00007fc6740f0000,0x00007fc6741f1000)]
  0x00007fc67810d000 JavaThread "Service Thread" daemon [_thread_blocked, id=2245, stack(0x00007fc6742f2000,0x00007fc6743f3000)]
  0x00007fc67810a800 JavaThread "C2 CompilerThread1" daemon [_thread_blocked, id=2244, stack(0x00007fc6743f3000,0x00007fc6744f4000)]
  0x00007fc678107800 JavaThread "C2 CompilerThread0" daemon [_thread_blocked, id=2243, stack(0x00007fc6744f4000,0x00007fc6745f5000)]
  0x00007fc678105800 JavaThread "Signal Dispatcher" daemon [_thread_blocked, id=2242, stack(0x00007fc6745f5000,0x00007fc6746f6000)]
  0x00007fc6780ae800 JavaThread "Finalizer" daemon [_thread_blocked, id=2241, stack(0x00007fc6748f9000,0x00007fc6749fa000)]
  0x00007fc6780ac000 JavaThread "Reference Handler" daemon [_thread_blocked, id=2240, stack(0x00007fc6749fa000,0x00007fc674afb000)]
  0x00007fc678008800 JavaThread "main" [_thread_blocked, id=2234, stack(0x00007fc67e2c2000,0x00007fc67e3c3000)]

Other Threads:
  0x00007fc6780a5800 VMThread [stack: 0x00007fc674afb000,0x00007fc674bfc000] [id=2239]
  0x00007fc678117800 WatcherThread [stack: 0x00007fc6741f1000,0x00007fc6742f2000] [id=2246]

VM state:not at safepoint (normal execution)

VM Mutex/Monitor currently owned by a thread: None

Heap
 PSYoungGen      total 37248K, used 12890K [0x00000007d6600000, 0x00000007d8f90000, 0x0000000800000000)
  eden space 31936K, 40% used [0x00000007d6600000,0x00000007d7296978,0x00000007d8530000)
  from space 5312K, 0% used [0x00000007d8a60000,0x00000007d8a60000,0x00000007d8f90000)
  to   space 5312K, 0% used [0x00000007d8530000,0x00000007d8530000,0x00000007d8a60000)
 ParOldGen       total 85248K, used 0K [0x0000000783200000, 0x0000000788540000, 0x00000007d6600000)
  object space 85248K, 0% used [0x0000000783200000,0x0000000783200000,0x0000000788540000)
 PSPermGen       total 21248K, used 6634K [0x0000000778c00000, 0x000000077a0c0000, 0x0000000783200000)
  object space 21248K, 31% used [0x0000000778c00000,0x000000077927a898,0x000000077a0c0000)

Code Cache  [0x00007fc675000000, 0x00007fc675270000, 0x00007fc678000000)
 total_blobs=292 nmethods=40 adapters=205 free_code_cache=48663Kb largest_free_block=49816000

Compilation events (10 events):
Event: 1,257 Thread 0x00007fc67810a800 nmethod 35 0x00007fc675073b90 code [0x00007fc675073cc0, 0x00007fc675073d38]
Event: 1,257 Thread 0x00007fc67810a800   36             java.lang.String::getChars (66 bytes)
Event: 1,258 Thread 0x00007fc67810a800 nmethod 36 0x00007fc675077050 code [0x00007fc6750771a0, 0x00007fc675077318]
Event: 1,265 Thread 0x00007fc678107800 nmethod 34 0x00007fc675075150 code [0x00007fc675075360, 0x00007fc675075b60]
Event: 1,285 Thread 0x00007fc67810a800   37             java.util.regex.Matcher::match (109 bytes)
Event: 1,287 Thread 0x00007fc678107800   38             java.lang.AbstractStringBuilder::ensureCapacityInternal (16 bytes)
Event: 1,289 Thread 0x00007fc67810a800 nmethod 37 0x00007fc675072090 code [0x00007fc675072200, 0x00007fc6750724d8]
Event: 1,290 Thread 0x00007fc678107800 nmethod 38 0x00007fc67507aa90 code [0x00007fc67507abe0, 0x00007fc67507ae58]
Event: 1,305 Thread 0x00007fc67810a800   39             java.util.HashMap::indexFor (6 bytes)
Event: 1,305 Thread 0x00007fc67810a800 nmethod 39 0x00007fc675070890 code [0x00007fc6750709c0, 0x00007fc6750709f8]

GC Heap History (0 events):
No events

Deoptimization events (7 events):
Event: 1,180 Thread 0x00007fc678296800 Uncommon trap -12 fr.pc 0x00007fc6750647c4
Event: 1,285 Thread 0x00007fc678296800 Uncommon trap -34 fr.pc 0x00007fc6750741c8
Event: 1,285 Thread 0x00007fc678296800 Uncommon trap -34 fr.pc 0x00007fc6750741c8
Event: 1,285 Thread 0x00007fc678296800 Uncommon trap -34 fr.pc 0x00007fc6750741c8
Event: 1,285 Thread 0x00007fc678296800 Uncommon trap -34 fr.pc 0x00007fc6750741c8
Event: 1,285 Thread 0x00007fc678296800 Uncommon trap -34 fr.pc 0x00007fc675070e08
Event: 1,305 Thread 0x00007fc678296800 Uncommon trap -34 fr.pc 0x00007fc67506c124

Internal exceptions (10 events):
Event: 1,311 Thread 0x00007fc678296800 Threw 0x00000007d71f4410 at /build/src/icedtea-2.2.1/openjdk/hotspot/src/share/vm/prims/jvm.cpp:1166
Event: 1,312 Thread 0x00007fc678296800 Threw 0x00000007d71f7ec0 at /build/src/icedtea-2.2.1/openjdk/hotspot/src/share/vm/prims/jvm.cpp:1166
Event: 1,312 Thread 0x00007fc678296800 Threw 0x00000007d71fc610 at /build/src/icedtea-2.2.1/openjdk/hotspot/src/share/vm/prims/jvm.cpp:1166
Event: 1,313 Thread 0x00007fc678296800 Threw 0x00000007d7200628 at /build/src/icedtea-2.2.1/openjdk/hotspot/src/share/vm/prims/jvm.cpp:1166
Event: 1,314 Thread 0x00007fc678296800 Threw 0x00000007d7207020 at /build/src/icedtea-2.2.1/openjdk/hotspot/src/share/vm/prims/jvm.cpp:1166
Event: 1,314 Thread 0x00007fc678296800 Threw 0x00000007d720d728 at /build/src/icedtea-2.2.1/openjdk/hotspot/src/share/vm/prims/jvm.cpp:1166
Event: 1,314 Thread 0x00007fc678296800 Threw 0x00000007d7211e68 at /build/src/icedtea-2.2.1/openjdk/hotspot/src/share/vm/prims/jvm.cpp:1166
Event: 1,315 Thread 0x00007fc678296800 Threw 0x00000007d7216348 at /build/src/icedtea-2.2.1/openjdk/hotspot/src/share/vm/prims/jvm.cpp:1166
Event: 1,315 Thread 0x00007fc678296800 Threw 0x00000007d721ab88 at /build/src/icedtea-2.2.1/openjdk/hotspot/src/share/vm/prims/jvm.cpp:1166
Event: 1,317 Thread 0x00007fc678296800 Threw 0x00000007d7235f40 at /build/src/icedtea-2.2.1/openjdk/hotspot/src/share/vm/prims/jvm.cpp:1166

Events (10 events):
Event: 1,315 loading class 0x00007fc678074820
Event: 1,315 loading class 0x00007fc63407b5a0
Event: 1,316 loading class 0x00007fc63407b5a0 done
Event: 1,316 loading class 0x00007fc63407b5d0
Event: 1,316 loading class 0x00007fc63407b5d0 done
Event: 1,316 loading class 0x00007fc678074820 done
Event: 1,316 loading class 0x00007fc6780a8c30
Event: 1,316 loading class 0x00007fc6780a8c30 done
Event: 1,317 loading class 0x00007fc63404ad80
Event: 1,317 loading class 0x00007fc63404ad80 done


Dynamic libraries:
00400000-00401000 r-xp 00000000 08:03 669383                             /usr/lib/jvm/java-7-openjdk/jre/bin/java
00600000-00601000 rw-p 00000000 08:03 669383                             /usr/lib/jvm/java-7-openjdk/jre/bin/java
01588000-015a9000 rw-p 00000000 00:00 0                                  [heap]
778c00000-77a0c0000 rw-p 00000000 00:00 0 
77a0c0000-783200000 rw-p 00000000 00:00 0 
783200000-788540000 rw-p 00000000 00:00 0 
788540000-7d6600000 rw-p 00000000 00:00 0 
7d6600000-7d8f90000 rw-p 00000000 00:00 0 
7d8f90000-800000000 rw-p 00000000 00:00 0 
7fc618000000-7fc618021000 rw-p 00000000 00:00 0 
7fc618021000-7fc61c000000 ---p 00000000 00:00 0 
7fc61ffff000-7fc624000000 rw-s 00000000 00:10 30563                      /dev/shm/pulse-shm-3444939693
7fc624000000-7fc624021000 rw-p 00000000 00:00 0 
7fc624021000-7fc628000000 ---p 00000000 00:00 0 
7fc62a223000-7fc62a224000 ---p 00000000 00:00 0 
7fc62a224000-7fc62aa24000 rwxp 00000000 00:00 0                          [stack:2256]
7fc62ddf1000-7fc62df61000 r-xp 00000000 08:03 158522                     /usr/lib/libfftw3.so.3.3.2
7fc62df61000-7fc62e160000 ---p 00170000 08:03 158522                     /usr/lib/libfftw3.so.3.3.2
7fc62e160000-7fc62e16c000 r--p 0016f000 08:03 158522                     /usr/lib/libfftw3.so.3.3.2
7fc62e16c000-7fc62e16d000 rw-p 0017b000 08:03 158522                     /usr/lib/libfftw3.so.3.3.2
7fc62e16d000-7fc62e2d8000 r-xp 00000000 08:03 158539                     /usr/lib/libsamplerate.so.0.1.8
7fc62e2d8000-7fc62e4d7000 ---p 0016b000 08:03 158539                     /usr/lib/libsamplerate.so.0.1.8
7fc62e4d7000-7fc62e4d8000 r--p 0016a000 08:03 158539                     /usr/lib/libsamplerate.so.0.1.8
7fc62e4d8000-7fc62e4d9000 rw-p 0016b000 08:03 158539                     /usr/lib/libsamplerate.so.0.1.8
7fc62e4d9000-7fc62e508000 r-xp 00000000 08:03 167890                     /usr/lib/librubberband.so.2.1.0
7fc62e508000-7fc62e708000 ---p 0002f000 08:03 167890                     /usr/lib/librubberband.so.2.1.0
7fc62e708000-7fc62e709000 r--p 0002f000 08:03 167890                     /usr/lib/librubberband.so.2.1.0
7fc62e709000-7fc62e70a000 rw-p 00030000 08:03 167890                     /usr/lib/librubberband.so.2.1.0
7fc62e70a000-7fc62e722000 r-xp 00000000 00:11 31659                      /tmp/bridj.so3938889956522086837.so
7fc62e722000-7fc62e922000 ---p 00018000 00:11 31659                      /tmp/bridj.so3938889956522086837.so
7fc62e922000-7fc62e923000 r--p 00018000 00:11 31659                      /tmp/bridj.so3938889956522086837.so
7fc62e923000-7fc62e924000 rw-p 00019000 00:11 31659                      /tmp/bridj.so3938889956522086837.so
7fc62e924000-7fc62ea25000 rwxp 00000000 00:00 0                          [stack:2253]
7fc62ea25000-7fc62ea3a000 r-xp 00000000 08:03 131123                     /usr/lib/libnsl-2.16.so
7fc62ea3a000-7fc62ec39000 ---p 00015000 08:03 131123                     /usr/lib/libnsl-2.16.so
7fc62ec39000-7fc62ec3a000 r--p 00014000 08:03 131123                     /usr/lib/libnsl-2.16.so
7fc62ec3a000-7fc62ec3b000 rw-p 00015000 08:03 131123                     /usr/lib/libnsl-2.16.so
7fc62ec3b000-7fc62ec3d000 rw-p 00000000 00:00 0 
7fc62ec3d000-7fc62ec43000 r-xp 00000000 08:03 158194                     /usr/lib/libogg.so.0.8.0
7fc62ec43000-7fc62ee42000 ---p 00006000 08:03 158194                     /usr/lib/libogg.so.0.8.0
7fc62ee42000-7fc62ee43000 rw-p 00005000 08:03 158194                     /usr/lib/libogg.so.0.8.0
7fc62ee43000-7fc62ee6f000 r-xp 00000000 08:03 158210                     /usr/lib/libvorbis.so.0.4.6
7fc62ee6f000-7fc62f06e000 ---p 0002c000 08:03 158210                     /usr/lib/libvorbis.so.0.4.6
7fc62f06e000-7fc62f06f000 r--p 0002b000 08:03 158210                     /usr/lib/libvorbis.so.0.4.6
7fc62f06f000-7fc62f070000 rw-p 0002c000 08:03 158210                     /usr/lib/libvorbis.so.0.4.6
7fc62f070000-7fc62f323000 r-xp 00000000 08:03 158213                     /usr/lib/libvorbisenc.so.2.0.9
7fc62f323000-7fc62f522000 ---p 002b3000 08:03 158213                     /usr/lib/libvorbisenc.so.2.0.9
7fc62f522000-7fc62f53e000 r--p 002b2000 08:03 158213                     /usr/lib/libvorbisenc.so.2.0.9
7fc62f53e000-7fc62f53f000 rw-p 002ce000 08:03 158213                     /usr/lib/libvorbisenc.so.2.0.9
7fc62f53f000-7fc62f589000 r-xp 00000000 08:03 157435                     /usr/lib/libFLAC.so.8.2.0
7fc62f589000-7fc62f788000 ---p 0004a000 08:03 157435                     /usr/lib/libFLAC.so.8.2.0
7fc62f788000-7fc62f78a000 rw-p 00049000 08:03 157435                     /usr/lib/libFLAC.so.8.2.0
7fc62f78a000-7fc62f78f000 r-xp 00000000 08:03 149454                     /usr/lib/libXdmcp.so.6.0.0
7fc62f78f000-7fc62f98e000 ---p 00005000 08:03 149454                     /usr/lib/libXdmcp.so.6.0.0
7fc62f98e000-7fc62f98f000 r--p 00004000 08:03 149454                     /usr/lib/libXdmcp.so.6.0.0
7fc62f98f000-7fc62f990000 rw-p 00005000 08:03 149454                     /usr/lib/libXdmcp.so.6.0.0
7fc62f990000-7fc62f992000 r-xp 00000000 08:03 149468                     /usr/lib/libXau.so.6.0.0
7fc62f992000-7fc62fb92000 ---p 00002000 08:03 149468                     /usr/lib/libXau.so.6.0.0
7fc62fb92000-7fc62fb93000 r--p 00002000 08:03 149468                     /usr/lib/libXau.so.6.0.0
7fc62fb93000-7fc62fb94000 rw-p 00003000 08:03 149468                     /usr/lib/libXau.so.6.0.0
7fc62fb94000-7fc62fb99000 r-xp 00000000 08:03 158252                     /usr/lib/libasyncns.so.0.3.1
7fc62fb99000-7fc62fd98000 ---p 00005000 08:03 158252                     /usr/lib/libasyncns.so.0.3.1
7fc62fd98000-7fc62fd99000 r--p 00004000 08:03 158252                     /usr/lib/libasyncns.so.0.3.1
7fc62fd99000-7fc62fd9a000 rw-p 00005000 08:03 158252                     /usr/lib/libasyncns.so.0.3.1
7fc62fd9a000-7fc62fdf9000 r-xp 00000000 08:03 158287                     /usr/lib/libsndfile.so.1.0.25
7fc62fdf9000-7fc62fff9000 ---p 0005f000 08:03 158287                     /usr/lib/libsndfile.so.1.0.25
7fc62fff9000-7fc62fffb000 r--p 0005f000 08:03 158287                     /usr/lib/libsndfile.so.1.0.25
7fc62fffb000-7fc62fffc000 rw-p 00061000 08:03 158287                     /usr/lib/libsndfile.so.1.0.25
7fc62fffc000-7fc630000000 rw-p 00000000 00:00 0 
7fc630000000-7fc63005f000 rw-p 00000000 00:00 0 
7fc63005f000-7fc634000000 ---p 00000000 00:00 0 
7fc634000000-7fc6340e1000 rw-p 00000000 00:00 0 
7fc6340e1000-7fc638000000 ---p 00000000 00:00 0 
7fc638000000-7fc638021000 rw-p 00000000 00:00 0 
7fc638021000-7fc63c000000 ---p 00000000 00:00 0 
7fc63c000000-7fc63c039000 rw-p 00000000 00:00 0 
7fc63c039000-7fc640000000 ---p 00000000 00:00 0 
7fc640000000-7fc64010a000 rw-p 00000000 00:00 0 
7fc64010a000-7fc644000000 ---p 00000000 00:00 0 
7fc644000000-7fc644021000 rw-p 00000000 00:00 0 
7fc644021000-7fc648000000 ---p 00000000 00:00 0 
7fc648000000-7fc648021000 rw-p 00000000 00:00 0 
7fc648021000-7fc64c000000 ---p 00000000 00:00 0 
7fc64c000000-7fc64c1cc000 rw-p 00000000 00:00 0 
7fc64c1cc000-7fc650000000 ---p 00000000 00:00 0 
7fc650000000-7fc650021000 rw-p 00000000 00:00 0 
7fc650021000-7fc654000000 ---p 00000000 00:00 0 
7fc654000000-7fc654021000 rw-p 00000000 00:00 0 
7fc654021000-7fc658000000 ---p 00000000 00:00 0 
7fc658000000-7fc658021000 rw-p 00000000 00:00 0 
7fc658021000-7fc65c000000 ---p 00000000 00:00 0 
7fc65c003000-7fc65c020000 r-xp 00000000 08:03 149518                     /usr/lib/libxcb.so.1.1.0
7fc65c020000-7fc65c220000 ---p 0001d000 08:03 149518                     /usr/lib/libxcb.so.1.1.0
7fc65c220000-7fc65c221000 rw-p 0001d000 08:03 149518                     /usr/lib/libxcb.so.1.1.0
7fc65c221000-7fc65c265000 r-xp 00000000 08:03 143126                     /usr/lib/libdbus-1.so.3.7.2
7fc65c265000-7fc65c464000 ---p 00044000 08:03 143126                     /usr/lib/libdbus-1.so.3.7.2
7fc65c464000-7fc65c465000 r--p 00043000 08:03 143126                     /usr/lib/libdbus-1.so.3.7.2
7fc65c465000-7fc65c466000 rw-p 00044000 08:03 143126                     /usr/lib/libdbus-1.so.3.7.2
7fc65c466000-7fc65c4c5000 r-xp 00000000 08:03 158335                     /usr/lib/pulseaudio/libpulsecommon-2.0.so
7fc65c4c5000-7fc65c6c5000 ---p 0005f000 08:03 158335                     /usr/lib/pulseaudio/libpulsecommon-2.0.so
7fc65c6c5000-7fc65c6c6000 r--p 0005f000 08:03 158335                     /usr/lib/pulseaudio/libpulsecommon-2.0.so
7fc65c6c6000-7fc65c6c8000 rw-p 00060000 08:03 158335                     /usr/lib/pulseaudio/libpulsecommon-2.0.so
7fc65c6c8000-7fc65c6cf000 r-xp 00000000 08:03 158316                     /usr/lib/libjson.so.0.0.1
7fc65c6cf000-7fc65c8ce000 ---p 00007000 08:03 158316                     /usr/lib/libjson.so.0.0.1
7fc65c8ce000-7fc65c8cf000 r--p 00006000 08:03 158316                     /usr/lib/libjson.so.0.0.1
7fc65c8cf000-7fc65c8d0000 rw-p 00007000 08:03 158316                     /usr/lib/libjson.so.0.0.1
7fc65c8d0000-7fc65c918000 r-xp 00000000 08:03 158328                     /usr/lib/libpulse.so.0.14.2
7fc65c918000-7fc65cb18000 ---p 00048000 08:03 158328                     /usr/lib/libpulse.so.0.14.2
7fc65cb18000-7fc65cb19000 r--p 00048000 08:03 158328                     /usr/lib/libpulse.so.0.14.2
7fc65cb19000-7fc65cb1a000 rw-p 00049000 08:03 158328                     /usr/lib/libpulse.so.0.14.2
7fc65cb1a000-7fc65cb20000 r-xp 00000000 08:03 148544                     /usr/lib/alsa-lib/libasound_module_pcm_pulse.so
7fc65cb20000-7fc65cd1f000 ---p 00006000 08:03 148544                     /usr/lib/alsa-lib/libasound_module_pcm_pulse.so
7fc65cd1f000-7fc65cd20000 r--p 00005000 08:03 148544                     /usr/lib/alsa-lib/libasound_module_pcm_pulse.so
7fc65cd20000-7fc65cd21000 rw-p 00006000 08:03 148544                     /usr/lib/alsa-lib/libasound_module_pcm_pulse.so
7fc65cd21000-7fc65ce0c000 r-xp 00000000 08:03 158221                     /usr/lib/libasound.so.2.0.0
7fc65ce0c000-7fc65d00c000 ---p 000eb000 08:03 158221                     /usr/lib/libasound.so.2.0.0
7fc65d00c000-7fc65d012000 r--p 000eb000 08:03 158221                     /usr/lib/libasound.so.2.0.0
7fc65d012000-7fc65d014000 rw-p 000f1000 08:03 158221                     /usr/lib/libasound.so.2.0.0
7fc65d014000-7fc65d023000 r-xp 00000000 08:03 669392                     /usr/lib/jvm/java-7-openjdk/jre/lib/amd64/libjsoundalsa.so
7fc65d023000-7fc65d222000 ---p 0000f000 08:03 669392                     /usr/lib/jvm/java-7-openjdk/jre/lib/amd64/libjsoundalsa.so
7fc65d222000-7fc65d223000 rw-p 0000e000 08:03 669392                     /usr/lib/jvm/java-7-openjdk/jre/lib/amd64/libjsoundalsa.so
7fc65d223000-7fc65d224000 r-xp 00000000 08:03 669341                     /usr/lib/jvm/java-7-openjdk/jre/lib/amd64/libjsound.so
7fc65d224000-7fc65d423000 ---p 00001000 08:03 669341                     /usr/lib/jvm/java-7-openjdk/jre/lib/amd64/libjsound.so
7fc65d423000-7fc65d424000 rw-p 00000000 08:03 669341                     /usr/lib/jvm/java-7-openjdk/jre/lib/amd64/libjsound.so
7fc65d424000-7fc65d626000 rwxp 00000000 00:00 0                          [stack:2249]
7fc65d626000-7fc65d639000 r-xp 00000000 08:03 131108                     /usr/lib/libresolv-2.16.so
7fc65d639000-7fc65d839000 ---p 00013000 08:03 131108                     /usr/lib/libresolv-2.16.so
7fc65d839000-7fc65d83a000 r--p 00013000 08:03 131108                     /usr/lib/libresolv-2.16.so
7fc65d83a000-7fc65d83b000 rw-p 00014000 08:03 131108                     /usr/lib/libresolv-2.16.so
7fc65d83b000-7fc65d83d000 rw-p 00000000 00:00 0 
7fc65d83d000-7fc65d89a000 r-xp 00000000 08:03 138354                     /usr/lib/libpcre.so.1.0.1
7fc65d89a000-7fc65da99000 ---p 0005d000 08:03 138354                     /usr/lib/libpcre.so.1.0.1
7fc65da99000-7fc65da9a000 r--p 0005c000 08:03 138354                     /usr/lib/libpcre.so.1.0.1
7fc65da9a000-7fc65da9b000 rw-p 0005d000 08:03 138354                     /usr/lib/libpcre.so.1.0.1
7fc65da9b000-7fc65da9e000 r-xp 00000000 08:03 138784                     /usr/lib/libgmodule-2.0.so.0.3200.3
7fc65da9e000-7fc65dc9d000 ---p 00003000 08:03 138784                     /usr/lib/libgmodule-2.0.so.0.3200.3
7fc65dc9d000-7fc65dc9e000 r--p 00002000 08:03 138784                     /usr/lib/libgmodule-2.0.so.0.3200.3
7fc65dc9e000-7fc65dc9f000 rw-p 00003000 08:03 138784                     /usr/lib/libgmodule-2.0.so.0.3200.3
7fc65dc9f000-7fc65dca6000 r-xp 00000000 08:03 138508                     /usr/lib/libffi.so.6.0.0
7fc65dca6000-7fc65dea5000 ---p 00007000 08:03 138508                     /usr/lib/libffi.so.6.0.0
7fc65dea5000-7fc65dea6000 r--p 00006000 08:03 138508                     /usr/lib/libffi.so.6.0.0
7fc65dea6000-7fc65dea7000 rw-p 00007000 08:03 138508                     /usr/lib/libffi.so.6.0.0
7fc65dea7000-7fc65dea8000 r-xp 00000000 08:03 138785                     /usr/lib/libgthread-2.0.so.0.3200.3
7fc65dea8000-7fc65e0a7000 ---p 00001000 08:03 138785                     /usr/lib/libgthread-2.0.so.0.3200.3
7fc65e0a7000-7fc65e0a8000 r--p 00000000 08:03 138785                     /usr/lib/libgthread-2.0.so.0.3200.3
7fc65e0a8000-7fc65e0a9000 rw-p 00001000 08:03 138785                     /usr/lib/libgthread-2.0.so.0.3200.3
7fc65e0a9000-7fc65e19b000 r-xp 00000000 08:03 138783                     /usr/lib/libglib-2.0.so.0.3200.3
7fc65e19b000-7fc65e39a000 ---p 000f2000 08:03 138783                     /usr/lib/libglib-2.0.so.0.3200.3
7fc65e39a000-7fc65e39b000 r--p 000f1000 08:03 138783                     /usr/lib/libglib-2.0.so.0.3200.3
7fc65e39b000-7fc65e39c000 rw-p 000f2000 08:03 138783                     /usr/lib/libglib-2.0.so.0.3200.3
7fc65e39c000-7fc65e39d000 rw-p 00000000 00:00 0 
7fc65e39d000-7fc65e3e9000 r-xp 00000000 08:03 138786                     /usr/lib/libgobject-2.0.so.0.3200.3
7fc65e3e9000-7fc65e5e9000 ---p 0004c000 08:03 138786                     /usr/lib/libgobject-2.0.so.0.3200.3
7fc65e5e9000-7fc65e5ea000 r--p 0004c000 08:03 138786                     /usr/lib/libgobject-2.0.so.0.3200.3
7fc65e5ea000-7fc65e5eb000 rw-p 0004d000 08:03 138786                     /usr/lib/libgobject-2.0.so.0.3200.3
7fc65e5eb000-7fc65e730000 r-xp 00000000 08:03 138787                     /usr/lib/libgio-2.0.so.0.3200.3
7fc65e730000-7fc65e930000 ---p 00145000 08:03 138787                     /usr/lib/libgio-2.0.so.0.3200.3
7fc65e930000-7fc65e934000 r--p 00145000 08:03 138787                     /usr/lib/libgio-2.0.so.0.3200.3
7fc65e934000-7fc65e936000 rw-p 00149000 08:03 138787                     /usr/lib/libgio-2.0.so.0.3200.3
7fc65e936000-7fc65e938000 rw-p 00000000 00:00 0 
7fc65e962000-7fc65e978000 r-xp 00000000 08:03 669328                     /usr/lib/jvm/java-7-openjdk/jre/lib/amd64/libnet.so
7fc65e978000-7fc65eb77000 ---p 00016000 08:03 669328                     /usr/lib/jvm/java-7-openjdk/jre/lib/amd64/libnet.so
7fc65eb77000-7fc65eb78000 rw-p 00015000 08:03 669328                     /usr/lib/jvm/java-7-openjdk/jre/lib/amd64/libnet.so
7fc65eb78000-7fc664000000 rw-p 00000000 00:00 0 
7fc664000000-7fc664021000 rw-p 00000000 00:00 0 
7fc664021000-7fc668000000 ---p 00000000 00:00 0 
7fc668000000-7fc668021000 rw-p 00000000 00:00 0 
7fc668021000-7fc66c000000 ---p 00000000 00:00 0 
7fc66c000000-7fc66c021000 rw-p 00000000 00:00 0 
7fc66c021000-7fc670000000 ---p 00000000 00:00 0 
7fc670000000-7fc670021000 rw-p 00000000 00:00 0 
7fc670021000-7fc674000000 ---p 00000000 00:00 0 
7fc674087000-7fc674094000 rwxp 00000000 00:00 0 
7fc674094000-7fc6740c5000 r--s 00000000 08:03 167890                     /usr/lib/librubberband.so.2.1.0
7fc6740c5000-7fc6740c9000 r--s 000a0000 08:03 669308                     /usr/lib/jvm/java-7-openjdk/jre/lib/jsse.jar
7fc6740c9000-7fc6740ee000 r--p 00000000 08:03 172821                     /usr/share/locale/fr/LC_MESSAGES/libc.mo
7fc6740ee000-7fc6740f0000 r--s 0001b000 08:03 1573512                    /usr/share/intellijidea-ce/plugins/junit/lib/junit-rt.jar
7fc6740f0000-7fc6741f1000 rwxp 00000000 00:00 0                          [stack:2247]
7fc6741f1000-7fc6741f2000 ---p 00000000 00:00 0 
7fc6741f2000-7fc6743f3000 rwxp 00000000 00:00 0                          [stack:2245]
7fc6743f3000-7fc6743f4000 ---p 00000000 00:00 0 
7fc6743f4000-7fc6744f4000 rwxp 00000000 00:00 0                          [stack:2244]
7fc6744f4000-7fc6744f5000 ---p 00000000 00:00 0 
7fc6744f5000-7fc6746f6000 rwxp 00000000 00:00 0                          [stack:2242]
7fc6746f6000-7fc6748f9000 r--p 00000000 08:03 172842                     /usr/lib/locale/locale-archive
7fc6748f9000-7fc674afb000 rwxp 00000000 00:00 0                          [stack:2240]
7fc674afb000-7fc674afc000 ---p 00000000 00:00 0 
7fc674afc000-7fc674bfc000 rwxp 00000000 00:00 0                          [stack:2239]
7fc674bfc000-7fc675000000 rw-p 00000000 00:00 0 
7fc675000000-7fc675270000 rwxp 00000000 00:00 0 
7fc675270000-7fc67829a000 rw-p 00000000 00:00 0 
7fc67829a000-7fc67c000000 ---p 00000000 00:00 0 
7fc67c000000-7fc67c007000 rwxp 00000000 00:00 0 
7fc67c007000-7fc67c011000 r--p 00000000 08:03 158564                     /usr/share/locale/fr/LC_MESSAGES/pulseaudio.mo
7fc67c011000-7fc67c018000 r--s 00037000 08:03 1363255                    /home/jcnoir/.m2/repository/junit/junit/4.10/junit-4.10.jar
7fc67c018000-7fc67c027000 r--s 000e1000 08:03 1363015                    /home/jcnoir/.m2/repository/com/google/android/tools/dx/1.7/dx-1.7.jar
7fc67c027000-7fc67c030000 r--s 000c8000 08:03 803801                     /home/jcnoir/.m2/repository/com/nativelibs4java/bridj/0.6.1/bridj-0.6.1.jar
7fc67c030000-7fc67cbe0000 rw-p 00000000 00:00 0 
7fc67cbe0000-7fc67cd90000 r--s 03ebf000 08:03 669318                     /usr/lib/jvm/java-7-openjdk/jre/lib/rt.jar
7fc67cd90000-7fc67cd91000 ---p 00000000 00:00 0 
7fc67cd91000-7fc67ce91000 rwxp 00000000 00:00 0                          [stack:2238]
7fc67ce91000-7fc67ce92000 ---p 00000000 00:00 0 
7fc67ce92000-7fc67cf92000 rwxp 00000000 00:00 0                          [stack:2237]
7fc67cf92000-7fc67cf93000 ---p 00000000 00:00 0 
7fc67cf93000-7fc67d093000 rwxp 00000000 00:00 0                          [stack:2236]
7fc67d093000-7fc67d094000 ---p 00000000 00:00 0 
7fc67d094000-7fc67d194000 rwxp 00000000 00:00 0                          [stack:2235]
7fc67d194000-7fc67d1be000 rw-p 00000000 00:00 0 
7fc67d1be000-7fc67d42e000 rw-p 00000000 00:00 0 
7fc67d42e000-7fc67d439000 rw-p 00000000 00:00 0 
7fc67d439000-7fc67d481000 rw-p 00000000 00:00 0 
7fc67d481000-7fc67d4ab000 rw-p 00000000 00:00 0 
7fc67d4ab000-7fc67d71b000 rw-p 00000000 00:00 0 
7fc67d71b000-7fc67d730000 rw-p 00000000 00:00 0 
7fc67d730000-7fc67d868000 rw-p 00000000 00:00 0 
7fc67d868000-7fc67d869000 rw-p 00000000 00:00 0 
7fc67d869000-7fc67d871000 r-xp 00000000 08:03 669337                     /usr/lib/jvm/java-7-openjdk/jre/lib/amd64/libzip.so
7fc67d871000-7fc67da70000 ---p 00008000 08:03 669337                     /usr/lib/jvm/java-7-openjdk/jre/lib/amd64/libzip.so
7fc67da70000-7fc67da71000 rw-p 00007000 08:03 669337                     /usr/lib/jvm/java-7-openjdk/jre/lib/amd64/libzip.so
7fc67da71000-7fc67da7d000 r-xp 00000000 08:03 131110                     /usr/lib/libnss_files-2.16.so
7fc67da7d000-7fc67dc7c000 ---p 0000c000 08:03 131110                     /usr/lib/libnss_files-2.16.so
7fc67dc7c000-7fc67dc7d000 r--p 0000b000 08:03 131110                     /usr/lib/libnss_files-2.16.so
7fc67dc7d000-7fc67dc7e000 rw-p 0000c000 08:03 131110                     /usr/lib/libnss_files-2.16.so
7fc67dc7e000-7fc67dca8000 r-xp 00000000 08:03 669347                     /usr/lib/jvm/java-7-openjdk/jre/lib/amd64/libjava.so
7fc67dca8000-7fc67dea8000 ---p 0002a000 08:03 669347                     /usr/lib/jvm/java-7-openjdk/jre/lib/amd64/libjava.so
7fc67dea8000-7fc67deaa000 rw-p 0002a000 08:03 669347                     /usr/lib/jvm/java-7-openjdk/jre/lib/amd64/libjava.so
7fc67deaa000-7fc67deb9000 r-xp 00000000 08:03 669334                     /usr/lib/jvm/java-7-openjdk/jre/lib/amd64/libverify.so
7fc67deb9000-7fc67e0b8000 ---p 0000f000 08:03 669334                     /usr/lib/jvm/java-7-openjdk/jre/lib/amd64/libverify.so
7fc67e0b8000-7fc67e0ba000 rw-p 0000e000 08:03 669334                     /usr/lib/jvm/java-7-openjdk/jre/lib/amd64/libverify.so
7fc67e0ba000-7fc67e0c1000 r-xp 00000000 08:03 131113                     /usr/lib/librt-2.16.so
7fc67e0c1000-7fc67e2c0000 ---p 00007000 08:03 131113                     /usr/lib/librt-2.16.so
7fc67e2c0000-7fc67e2c1000 r--p 00006000 08:03 131113                     /usr/lib/librt-2.16.so
7fc67e2c1000-7fc67e2c2000 rw-p 00007000 08:03 131113                     /usr/lib/librt-2.16.so
7fc67e2c2000-7fc67e2c3000 ---p 00000000 00:00 0 
7fc67e2c3000-7fc67e3c3000 rwxp 00000000 00:00 0                          [stack:2234]
7fc67e3c3000-7fc67e3d8000 r-xp 00000000 08:03 131563                     /usr/lib/libgcc_s.so.1
7fc67e3d8000-7fc67e5d7000 ---p 00015000 08:03 131563                     /usr/lib/libgcc_s.so.1
7fc67e5d7000-7fc67e5d8000 rw-p 00014000 08:03 131563                     /usr/lib/libgcc_s.so.1
7fc67e5d8000-7fc67e6d1000 r-xp 00000000 08:03 131096                     /usr/lib/libm-2.16.so
7fc67e6d1000-7fc67e8d0000 ---p 000f9000 08:03 131096                     /usr/lib/libm-2.16.so
7fc67e8d0000-7fc67e8d1000 r--p 000f8000 08:03 131096                     /usr/lib/libm-2.16.so
7fc67e8d1000-7fc67e8d2000 rw-p 000f9000 08:03 131096                     /usr/lib/libm-2.16.so
7fc67e8d2000-7fc67e9b7000 r-xp 00000000 08:03 131553                     /usr/lib/libstdc++.so.6.0.17
7fc67e9b7000-7fc67ebb7000 ---p 000e5000 08:03 131553                     /usr/lib/libstdc++.so.6.0.17
7fc67ebb7000-7fc67ebbf000 r--p 000e5000 08:03 131553                     /usr/lib/libstdc++.so.6.0.17
7fc67ebbf000-7fc67ebc1000 rw-p 000ed000 08:03 131553                     /usr/lib/libstdc++.so.6.0.17
7fc67ebc1000-7fc67ebd6000 rw-p 00000000 00:00 0 
7fc67ebd6000-7fc67ebda000 rwxp 00000000 00:00 0 
7fc67ebda000-7fc67ebdb000 r--s 0000e000 08:03 1363060                    /home/jcnoir/.m2/repository/gnu/getopt/java-getopt/1.0.13/java-getopt-1.0.13.jar
7fc67ebdb000-7fc67ebdd000 r--s 00011000 08:03 1443115                    /home/jcnoir/.m2/repository/org/hamcrest/hamcrest-core/1.1/hamcrest-core-1.1.jar
7fc67ebdd000-7fc67ebe1000 r--s 000f3000 08:03 2649955                    /home/jcnoir/.m2/repository/net/java/dev/jna/jna/3.4.0/jna-3.4.0.jar
7fc67ebe1000-7fc67ebe3000 r--s 0000a000 08:03 13334                      /home/jcnoir/.m2/repository/com/nativelibs4java/jna-jnaerator/0.10/jna-jnaerator-0.10.jar
7fc67ebe3000-7fc67ebe7000 r--s 0001d000 08:03 2650019                    /home/jcnoir/.m2/repository/com/nativelibs4java/ochafik-util/0.10/ochafik-util-0.10.jar
7fc67ebe7000-7fc67ebe9000 r--s 00009000 08:03 1616424                    /home/jcnoir/.m2/repository/com/nativelibs4java/jnaerator-runtime/0.10/jnaerator-runtime-0.10.jar
7fc67ebe9000-7fc67ebf3000 r--s 0038d000 08:03 669316                     /usr/lib/jvm/java-7-openjdk/jre/lib/charsets.jar
7fc67ebf3000-7fc67ec00000 r--s 00106000 08:03 669305                     /usr/lib/jvm/java-7-openjdk/jre/lib/rhino.jar
7fc67ec00000-7fc67f5f5000 r-xp 00000000 08:03 792331                     /usr/lib/jvm/java-7-openjdk/jre/lib/amd64/server/libjvm.so
7fc67f5f5000-7fc67f7f5000 ---p 009f5000 08:03 792331                     /usr/lib/jvm/java-7-openjdk/jre/lib/amd64/server/libjvm.so
7fc67f7f5000-7fc67f896000 rw-p 009f5000 08:03 792331                     /usr/lib/jvm/java-7-openjdk/jre/lib/amd64/server/libjvm.so
7fc67f896000-7fc67f8c0000 rw-p 00000000 00:00 0 
7fc67f8c0000-7fc67fa5b000 r-xp 00000000 08:03 131101                     /usr/lib/libc-2.16.so
7fc67fa5b000-7fc67fc5a000 ---p 0019b000 08:03 131101                     /usr/lib/libc-2.16.so
7fc67fc5a000-7fc67fc5e000 r--p 0019a000 08:03 131101                     /usr/lib/libc-2.16.so
7fc67fc5e000-7fc67fc60000 rw-p 0019e000 08:03 131101                     /usr/lib/libc-2.16.so
7fc67fc60000-7fc67fc64000 rw-p 00000000 00:00 0 
7fc67fc64000-7fc67fc67000 r-xp 00000000 08:03 131122                     /usr/lib/libdl-2.16.so
7fc67fc67000-7fc67fe66000 ---p 00003000 08:03 131122                     /usr/lib/libdl-2.16.so
7fc67fe66000-7fc67fe67000 r--p 00002000 08:03 131122                     /usr/lib/libdl-2.16.so
7fc67fe67000-7fc67fe68000 rw-p 00003000 08:03 131122                     /usr/lib/libdl-2.16.so
7fc67fe68000-7fc67fe7d000 r-xp 00000000 08:03 137319                     /usr/lib/libz.so.1.2.7
7fc67fe7d000-7fc68007c000 ---p 00015000 08:03 137319                     /usr/lib/libz.so.1.2.7
7fc68007c000-7fc68007d000 r--p 00014000 08:03 137319                     /usr/lib/libz.so.1.2.7
7fc68007d000-7fc68007e000 rw-p 00015000 08:03 137319                     /usr/lib/libz.so.1.2.7
7fc68007e000-7fc68008a000 r-xp 00000000 08:03 792334                     /usr/lib/jvm/java-7-openjdk/jre/lib/amd64/jli/libjli.so
7fc68008a000-7fc68028a000 ---p 0000c000 08:03 792334                     /usr/lib/jvm/java-7-openjdk/jre/lib/amd64/jli/libjli.so
7fc68028a000-7fc68028b000 rw-p 0000c000 08:03 792334                     /usr/lib/jvm/java-7-openjdk/jre/lib/amd64/jli/libjli.so
7fc68028b000-7fc6802a2000 r-xp 00000000 08:03 131106                     /usr/lib/libpthread-2.16.so
7fc6802a2000-7fc6804a1000 ---p 00017000 08:03 131106                     /usr/lib/libpthread-2.16.so
7fc6804a1000-7fc6804a2000 r--p 00016000 08:03 131106                     /usr/lib/libpthread-2.16.so
7fc6804a2000-7fc6804a3000 rw-p 00017000 08:03 131106                     /usr/lib/libpthread-2.16.so
7fc6804a3000-7fc6804a7000 rw-p 00000000 00:00 0 
7fc6804a7000-7fc6804c8000 r-xp 00000000 08:03 131114                     /usr/lib/ld-2.16.so
7fc6804c8000-7fc6804c9000 rwxp 00000000 00:00 0 
7fc6804c9000-7fc6804ca000 r--s 00000000 08:03 669319                     /usr/lib/jvm/java-7-openjdk/jre/lib/management-agent.jar
7fc6804ca000-7fc6804ce000 r--s 000a0000 08:03 669308                     /usr/lib/jvm/java-7-openjdk/jre/lib/jsse.jar
7fc6804ce000-7fc6804d7000 r--s 00263000 08:03 669314                     /usr/lib/jvm/java-7-openjdk/jre/lib/resources.jar
7fc6804d7000-7fc6804da000 r--s 00014000 08:03 669325                     /usr/lib/jvm/java-7-openjdk/jre/lib/jce.jar
7fc6804da000-7fc68050b000 rw-p 00000000 00:00 0 
7fc68050b000-7fc68050d000 r--s 00013000 08:03 1573214                    /usr/share/intellijidea-ce/lib/idea_rt.jar
7fc68050d000-7fc680510000 r--s 0000f000 08:03 669363                     /usr/lib/jvm/java-7-openjdk/jre/lib/ext/pulse-java.jar
7fc680510000-7fc680588000 rw-p 00000000 00:00 0 
7fc680588000-7fc6805d0000 rw-p 00000000 00:00 0 
7fc6805d0000-7fc6805da000 rw-p 00000000 00:00 0 
7fc6805da000-7fc680690000 rw-p 00000000 00:00 0 
7fc680690000-7fc680698000 rw-s 00000000 00:11 30545                      /tmp/hsperfdata_jcnoir/2233
7fc680698000-7fc6806c5000 rw-p 00000000 00:00 0 
7fc6806c5000-7fc6806c6000 rw-p 00000000 00:00 0 
7fc6806c6000-7fc6806c7000 r--p 00000000 00:00 0 
7fc6806c7000-7fc6806c8000 rw-p 00000000 00:00 0 
7fc6806c8000-7fc6806c9000 r--p 00021000 08:03 131114                     /usr/lib/ld-2.16.so
7fc6806c9000-7fc6806ca000 rw-p 00022000 08:03 131114                     /usr/lib/ld-2.16.so
7fc6806ca000-7fc6806cb000 rw-p 00000000 00:00 0 
7fff525ea000-7fff52609000 rwxp 00000000 00:00 0                          [stack]
7fff52609000-7fff5260b000 rw-p 00000000 00:00 0 
7fff52636000-7fff52637000 r-xp 00000000 00:00 0                          [vdso]
ffffffffff600000-ffffffffff601000 r-xp 00000000 00:00 0                  [vsyscall]

VM Arguments:
jvm_args: -ea -Didea.launcher.port=7541 -Didea.launcher.bin.path=/usr/share/intellijidea-ce/bin -Dfile.encoding=UTF-8 
java_command: com.intellij.rt.execution.application.AppMain com.intellij.rt.execution.junit.JUnitStarter -ideVersion5 TestFX
Launcher Type: SUN_STANDARD

Environment Variables:
JAVA_HOME=/usr/lib/jvm/java-7-openjdk
CLASSPATH=../lib/bootstrap.jar:../lib/extensions.jar:../lib/util.jar:../lib/jdom.jar:../lib/log4j.jar:../lib/trove4j.jar:../lib/jna.jar:/usr/lib/jvm/java-7-openjdk/lib/tools.jar
PATH=/usr/local/bin:/usr/bin:/bin:/usr/local/sbin:/usr/sbin:/sbin:/etc/scripts:/usr/share/java/gradle/bin:/usr/bin/vendor_perl:/usr/bin/core_perl
USERNAME=jcnoir
LD_LIBRARY_PATH=.:
SHELL=/bin/zsh
DISPLAY=:0

Signal Handlers:
SIGSEGV: [libjvm.so+0x8543e0], sa_mask[0]=0x7ffbfeff, sa_flags=0x10000004
SIGBUS: [libjvm.so+0x8543e0], sa_mask[0]=0x7ffbfeff, sa_flags=0x10000004
SIGFPE: [libjvm.so+0x6f5440], sa_mask[0]=0x7ffbfeff, sa_flags=0x10000004
SIGPIPE: [libjvm.so+0x6f5440], sa_mask[0]=0x7ffbfeff, sa_flags=0x10000004
SIGXFSZ: [libjvm.so+0x6f5440], sa_mask[0]=0x7ffbfeff, sa_flags=0x10000004
SIGILL: [libjvm.so+0x6f5440], sa_mask[0]=0x7ffbfeff, sa_flags=0x10000004
SIGUSR1: SIG_DFL, sa_mask[0]=0x00000000, sa_flags=0x00000000
SIGUSR2: [libjvm.so+0x6f5690], sa_mask[0]=0x00000004, sa_flags=0x10000004
SIGHUP: [libjvm.so+0x6f57d0], sa_mask[0]=0x7ffbfeff, sa_flags=0x10000004
SIGINT: [libjvm.so+0x6f57d0], sa_mask[0]=0x7ffbfeff, sa_flags=0x10000004
SIGTERM: [libjvm.so+0x6f57d0], sa_mask[0]=0x7ffbfeff, sa_flags=0x10000004
SIGQUIT: [libjvm.so+0x6f57d0], sa_mask[0]=0x7ffbfeff, sa_flags=0x10000004


---------------  S Y S T E M  ---------------

OS:Linux
uname:Linux 3.4.4-3-ARCH #1 SMP PREEMPT Tue Jul 3 14:36:44 UTC 2012 x86_64
libc:glibc 2.16 NPTL 2.16 
rlimit: STACK 8192k, CORE 0k, NPROC 63855, NOFILE 4096, AS infinity
load average:1,29 1,30 1,16

/proc/meminfo:
MemTotal:        8179384 kB
MemFree:         5469188 kB
Buffers:           84868 kB
Cached:           825532 kB
SwapCached:            0 kB
Active:          1880388 kB
Inactive:         557728 kB
Active(anon):    1606788 kB
Inactive(anon):    12676 kB
Active(file):     273600 kB
Inactive(file):   545052 kB
Unevictable:       80368 kB
Mlocked:           80368 kB
SwapTotal:       8289048 kB
SwapFree:        8289048 kB
Dirty:               476 kB
Writeback:             0 kB
AnonPages:       1606080 kB
Mapped:           261752 kB
Shmem:             91756 kB
Slab:              59884 kB
SReclaimable:      37708 kB
SUnreclaim:        22176 kB
KernelStack:        3632 kB
PageTables:        21076 kB
NFS_Unstable:          0 kB
Bounce:                0 kB
WritebackTmp:          0 kB
CommitLimit:    12378740 kB
Committed_AS:    3548732 kB
VmallocTotal:   34359738367 kB
VmallocUsed:      125644 kB
VmallocChunk:   34359606779 kB
HardwareCorrupted:     0 kB
AnonHugePages:    980992 kB
HugePages_Total:       0
HugePages_Free:        0
HugePages_Rsvd:        0
HugePages_Surp:        0
Hugepagesize:       2048 kB
DirectMap4k:       82368 kB
DirectMap2M:     8304640 kB


CPU:total 4 (4 cores per cpu, 1 threads per core) family 6 model 30 stepping 5, cmov, cx8, fxsr, mmx, sse, sse2, sse3, ssse3, sse4.1, sse4.2, popcnt, tsc, tscinvbit

/proc/cpuinfo:
processor	: 0
vendor_id	: GenuineIntel
cpu family	: 6
model		: 30
model name	: Intel(R) Core(TM) i5 CPU         750  @ 2.67GHz
stepping	: 5
microcode	: 0x4
cpu MHz		: 1200.000
cache size	: 8192 KB
physical id	: 0
siblings	: 4
core id		: 0
cpu cores	: 4
apicid		: 0
initial apicid	: 0
fpu		: yes
fpu_exception	: yes
cpuid level	: 11
wp		: yes
flags		: fpu vme de pse tsc msr pae mce cx8 apic sep mtrr pge mca cmov pat pse36 clflush dts acpi mmx fxsr sse sse2 ss ht tm pbe syscall nx rdtscp lm constant_tsc arch_perfmon pebs bts rep_good nopl xtopology nonstop_tsc aperfmperf pni dtes64 monitor ds_cpl vmx smx est tm2 ssse3 cx16 xtpr pdcm sse4_1 sse4_2 popcnt lahf_lm ida dts tpr_shadow vnmi flexpriority ept vpid
bogomips	: 5351.34
clflush size	: 64
cache_alignment	: 64
address sizes	: 36 bits physical, 48 bits virtual
power management:

processor	: 1
vendor_id	: GenuineIntel
cpu family	: 6
model		: 30
model name	: Intel(R) Core(TM) i5 CPU         750  @ 2.67GHz
stepping	: 5
microcode	: 0x4
cpu MHz		: 1200.000
cache size	: 8192 KB
physical id	: 0
siblings	: 4
core id		: 1
cpu cores	: 4
apicid		: 2
initial apicid	: 2
fpu		: yes
fpu_exception	: yes
cpuid level	: 11
wp		: yes
flags		: fpu vme de pse tsc msr pae mce cx8 apic sep mtrr pge mca cmov pat pse36 clflush dts acpi mmx fxsr sse sse2 ss ht tm pbe syscall nx rdtscp lm constant_tsc arch_perfmon pebs bts rep_good nopl xtopology nonstop_tsc aperfmperf pni dtes64 monitor ds_cpl vmx smx est tm2 ssse3 cx16 xtpr pdcm sse4_1 sse4_2 popcnt lahf_lm ida dts tpr_shadow vnmi flexpriority ept vpid
bogomips	: 5351.34
clflush size	: 64
cache_alignment	: 64
address sizes	: 36 bits physical, 48 bits virtual
power management:

processor	: 2
vendor_id	: GenuineIntel
cpu family	: 6
model		: 30
model name	: Intel(R) Core(TM) i5 CPU         750  @ 2.67GHz
stepping	: 5
microcode	: 0x4
cpu MHz		: 1200.000
cache size	: 8192 KB
physical id	: 0
siblings	: 4
core id		: 2
cpu cores	: 4
apicid		: 4
initial apicid	: 4
fpu		: yes
fpu_exception	: yes
cpuid level	: 11
wp		: yes
flags		: fpu vme de pse tsc msr pae mce cx8 apic sep mtrr pge mca cmov pat pse36 clflush dts acpi mmx fxsr sse sse2 ss ht tm pbe syscall nx rdtscp lm constant_tsc arch_perfmon pebs bts rep_good nopl xtopology nonstop_tsc aperfmperf pni dtes64 monitor ds_cpl vmx smx est tm2 ssse3 cx16 xtpr pdcm sse4_1 sse4_2 popcnt lahf_lm ida dts tpr_shadow vnmi flexpriority ept vpid
bogomips	: 5351.34
clflush size	: 64
cache_alignment	: 64
address sizes	: 36 bits physical, 48 bits virtual
power management:

processor	: 3
vendor_id	: GenuineIntel
cpu family	: 6
model		: 30
model name	: Intel(R) Core(TM) i5 CPU         750  @ 2.67GHz
stepping	: 5
microcode	: 0x4
cpu MHz		: 2668.000
cache size	: 8192 KB
physical id	: 0
siblings	: 4
core id		: 3
cpu cores	: 4
apicid		: 6
initial apicid	: 6
fpu		: yes
fpu_exception	: yes
cpuid level	: 11
wp		: yes
flags		: fpu vme de pse tsc msr pae mce cx8 apic sep mtrr pge mca cmov pat pse36 clflush dts acpi mmx fxsr sse sse2 ss ht tm pbe syscall nx rdtscp lm constant_tsc arch_perfmon pebs bts rep_good nopl xtopology nonstop_tsc aperfmperf pni dtes64 monitor ds_cpl vmx smx est tm2 ssse3 cx16 xtpr pdcm sse4_1 sse4_2 popcnt lahf_lm ida dts tpr_shadow vnmi flexpriority ept vpid
bogomips	: 5351.34
clflush size	: 64
cache_alignment	: 64
address sizes	: 36 bits physical, 48 bits virtual
power management:



Memory: 4k page, physical 8179384k(5469188k free), swap 8289048k(8289048k free)

vm_info: OpenJDK 64-Bit Server VM (23.0-b21) for linux-amd64 JRE (1.7.0_05-b21), built on Jun 14 2012 13:48:11 by "nobody" with gcc 4.7.0 20120505 (prerelease)

time: Sun Jul 15 17:25:56 2012
elapsed time: 1 seconds

